<?xml version="1.0" encoding="UTF-8"?>
<!-- Generated by org.testng.reporters.JUnitReportReporter -->
<testsuite hostname="DM-DT16" failures="0" tests="1" name="dms.Test.ProjectsTest" time="30.533" errors="0" timestamp="2023-03-21T11:47:41 IST" skipped="0">
  <testcase classname="dms.Test.ProjectsTest" name="verifyDocumentShare" time="30.533"/>
  <system-out/>
</testsuite> <!-- dms.Test.ProjectsTest -->
