<?xml version="1.0" encoding="UTF-8"?>
<!-- Generated by org.testng.reporters.JUnitReportReporter -->
<testsuite hostname="DM-DT16" failures="0" tests="8" name="dms.Test.DepartmentsTest" time="458.825" errors="0" timestamp="2023-03-21T15:55:18 IST" skipped="0">
  <testcase classname="dms.Test.DepartmentsTest" name="addDepartment" time="86.696"/>
  <system-out/>
  <testcase classname="dms.Test.DepartmentsTest" name="verifyFolderPermission" time="29.834"/>
  <system-out/>
  <testcase classname="dms.Test.DepartmentsTest" name="folderShare" time="70.598"/>
  <system-out/>
  <testcase classname="dms.Test.DepartmentsTest" name="verifyFolderShare" time="31.312"/>
  <system-out/>
  <testcase classname="dms.Test.DepartmentsTest" name="addDocument" time="82.324"/>
  <system-out/>
  <testcase classname="dms.Test.DepartmentsTest" name="verifyDocumentsPermission" time="37.191"/>
  <system-out/>
  <testcase classname="dms.Test.DepartmentsTest" name="documentShare" time="86.815"/>
  <system-out/>
  <testcase classname="dms.Test.DepartmentsTest" name="verifyDocumentShare" time="34.055"/>
  <system-out/>
</testsuite> <!-- dms.Test.DepartmentsTest -->
