<?xml version="1.0" encoding="UTF-8"?>
<!-- Generated by org.testng.reporters.JUnitReportReporter -->
<testsuite hostname="DM-DT16" failures="0" tests="1" name="dms.Test.DepartmentsTest" time="87.191" errors="0" timestamp="2023-03-21T12:43:13 IST" skipped="0">
  <testcase classname="dms.Test.DepartmentsTest" name="documentShare" time="87.191"/>
  <system-out/>
</testsuite> <!-- dms.Test.DepartmentsTest -->
