<?xml version="1.0" encoding="UTF-8"?>
<!-- Generated by org.testng.reporters.JUnitReportReporter -->
<testsuite hostname="DM-DT16" failures="0" tests="1" name="dms.Test.LoginTest" time="13.181" errors="0" timestamp="2023-03-15T11:07:22 IST" skipped="0">
  <testcase classname="dms.Test.LoginTest" name="logintest" time="13.181"/>
  <system-out/>
</testsuite> <!-- dms.Test.LoginTest -->
