<?xml version="1.0" encoding="UTF-8"?>
<!-- Generated by org.testng.reporters.JUnitReportReporter -->
<testsuite hostname="DM-DT16" failures="0" tests="1" name="dms.Test.ProjectsTest" time="112.132" errors="0" timestamp="2023-03-24T15:52:38 IST" skipped="0">
  <testcase classname="dms.Test.ProjectsTest" name="addProjects" time="112.132"/>
  <system-out/>
</testsuite> <!-- dms.Test.ProjectsTest -->
