<?xml version="1.0" encoding="UTF-8"?>
<!-- Generated by org.testng.reporters.JUnitReportReporter -->
<testsuite hostname="DM-DT16" failures="0" tests="1" name="dms.Test.CreateDesignation" time="21.215" errors="0" timestamp="2023-03-15T11:47:20 IST" skipped="0">
  <testcase classname="dms.Test.CreateDesignation" name="AddDesignation" time="21.215"/>
  <system-out/>
</testsuite> <!-- dms.Test.CreateDesignation -->
