<?xml version="1.0" encoding="UTF-8"?>
<!-- Generated by org.testng.reporters.JUnitReportReporter -->
<testsuite hostname="DM-DT16" failures="0" tests="1" name="dms.Test.UsersTest" time="24.768" errors="0" timestamp="2023-03-15T16:04:01 IST" skipped="0">
  <testcase classname="dms.Test.UsersTest" name="addUser" time="24.768"/>
  <system-out/>
</testsuite> <!-- dms.Test.UsersTest -->
